<?xml version="1.0" encoding="UTF-8"?>
<testsuite name="com.example.TestWithData" tests="1" skipped="0" failures="0" errors="0" timestamp="2020-04-20T15:57:52" hostname="MykolaBuhryk.local" time="0.004">
  <properties/>
  <testcase name="resultMethod[0](resultMethod)" classname="com.example.TestWithData" time="0.004"/>
  <system-out><![CDATA[Method name is: resultMethod
]]></system-out>
  <system-err><![CDATA[]]></system-err>
</testsuite>
